<?xml version="1.0" encoding="UTF-8"?>
<coverage generated="1775513932795" clover="3.2.0">
  <project timestamp="1775513932796" name="All files">
    <metrics statements="60" coveredstatements="57" conditionals="6" coveredconditionals="5" methods="29" coveredmethods="27" elements="95" coveredelements="89" complexity="0" loc="60" ncloc="60" packages="1" files="3" classes="3"/>
    <file name="MusicLibrary.ts" path="C:\Users\USUARIO\Desktop\soundbox\src\MusicLibrary.ts">
      <metrics statements="24" coveredstatements="23" conditionals="2" coveredconditionals="2" methods="16" coveredmethods="15"/>
      <line num="2" count="1" type="stmt"/>
      <line num="5" count="1" type="stmt"/>
      <line num="10" count="9" type="stmt"/>
      <line num="11" count="9" type="stmt"/>
      <line num="17" count="27" type="stmt"/>
      <line num="21" count="1" type="stmt"/>
      <line num="25" count="4" type="stmt"/>
      <line num="30" count="3" type="stmt"/>
      <line num="31" count="3" type="stmt"/>
      <line num="33" count="9" type="cond" truecount="2" falsecount="0"/>
      <line num="40" count="1" type="stmt"/>
      <line num="41" count="3" type="stmt"/>
      <line num="48" count="1" type="stmt"/>
      <line num="49" count="1" type="stmt"/>
      <line num="50" count="1" type="stmt"/>
      <line num="51" count="1" type="stmt"/>
      <line num="55" count="0" type="stmt"/>
      <line num="59" count="1" type="stmt"/>
      <line num="60" count="1" type="stmt"/>
      <line num="67" count="1" type="stmt"/>
      <line num="68" count="1" type="stmt"/>
      <line num="69" count="3" type="stmt"/>
      <line num="70" count="3" type="stmt"/>
      <line num="72" count="1" type="stmt"/>
    </file>
    <file name="Playlist.ts" path="C:\Users\USUARIO\Desktop\soundbox\src\Playlist.ts">
      <metrics statements="24" coveredstatements="22" conditionals="4" coveredconditionals="3" methods="10" coveredmethods="9"/>
      <line num="4" count="2" type="stmt"/>
      <line num="10" count="9" type="stmt"/>
      <line num="11" count="9" type="stmt"/>
      <line num="12" count="9" type="stmt"/>
      <line num="17" count="10" type="stmt"/>
      <line num="18" count="10" type="cond" truecount="1" falsecount="0"/>
      <line num="19" count="1" type="stmt"/>
      <line num="20" count="1" type="stmt"/>
      <line num="22" count="9" type="stmt"/>
      <line num="23" count="9" type="stmt"/>
      <line num="28" count="2" type="stmt"/>
      <line num="29" count="2" type="cond" truecount="1" falsecount="0"/>
      <line num="30" count="1" type="stmt"/>
      <line num="31" count="1" type="stmt"/>
      <line num="36" count="7" type="stmt"/>
      <line num="41" count="4" type="stmt"/>
      <line num="46" count="1" type="stmt"/>
      <line num="47" count="1" type="stmt"/>
      <line num="48" count="1" type="stmt"/>
      <line num="49" count="1" type="stmt"/>
      <line num="51" count="1" type="cond" truecount="0" falsecount="1"/>
      <line num="52" count="1" type="cond" truecount="1" falsecount="0"/>
      <line num="53" count="0" type="stmt"/>
      <line num="58" count="0" type="stmt"/>
    </file>
    <file name="Song.ts" path="C:\Users\USUARIO\Desktop\soundbox\src\Song.ts">
      <metrics statements="12" coveredstatements="12" conditionals="0" coveredconditionals="0" methods="3" coveredmethods="3"/>
      <line num="2" count="3" type="stmt"/>
      <line num="3" count="3" type="stmt"/>
      <line num="19" count="50" type="stmt"/>
      <line num="20" count="50" type="stmt"/>
      <line num="21" count="50" type="stmt"/>
      <line num="22" count="50" type="stmt"/>
      <line num="23" count="50" type="stmt"/>
      <line num="24" count="50" type="stmt"/>
      <line num="29" count="3" type="stmt"/>
      <line num="30" count="3" type="stmt"/>
      <line num="31" count="3" type="stmt"/>
      <line num="36" count="1" type="stmt"/>
    </file>
  </project>
</coverage>
