TN:
SF:src\MusicLibrary.ts
FN:9,(anonymous_0)
FN:16,(anonymous_1)
FN:20,(anonymous_2)
FN:24,(anonymous_3)
FN:25,(anonymous_4)
FN:29,(anonymous_5)
FN:32,(anonymous_6)
FN:39,(anonymous_7)
FN:41,(anonymous_8)
FN:47,(anonymous_9)
FN:54,(anonymous_10)
FN:58,(anonymous_11)
FN:60,(anonymous_12)
FN:66,(anonymous_13)
FN:69,(anonymous_14)
FN:70,(anonymous_15)
FNF:16
FNH:15
FNDA:9,(anonymous_0)
FNDA:27,(anonymous_1)
FNDA:1,(anonymous_2)
FNDA:2,(anonymous_3)
FNDA:4,(anonymous_4)
FNDA:3,(anonymous_5)
FNDA:9,(anonymous_6)
FNDA:1,(anonymous_7)
FNDA:3,(anonymous_8)
FNDA:1,(anonymous_9)
FNDA:0,(anonymous_10)
FNDA:1,(anonymous_11)
FNDA:1,(anonymous_12)
FNDA:1,(anonymous_13)
FNDA:3,(anonymous_14)
FNDA:3,(anonymous_15)
DA:2,1
DA:5,1
DA:10,9
DA:11,9
DA:17,27
DA:21,1
DA:25,4
DA:30,3
DA:31,3
DA:33,9
DA:40,1
DA:41,3
DA:48,1
DA:49,1
DA:50,1
DA:51,1
DA:55,0
DA:59,1
DA:60,1
DA:67,1
DA:68,1
DA:69,3
DA:70,3
DA:72,1
LF:24
LH:23
BRDA:33,0,0,9
BRDA:33,0,1,8
BRF:2
BRH:2
end_of_record
TN:
SF:src\Playlist.ts
FN:9,(anonymous_0)
FN:16,(anonymous_1)
FN:17,(anonymous_2)
FN:27,(anonymous_3)
FN:28,(anonymous_4)
FN:35,(anonymous_5)
FN:40,(anonymous_6)
FN:41,(anonymous_7)
FN:45,(anonymous_8)
FN:57,(anonymous_9)
FNF:10
FNH:9
FNDA:9,(anonymous_0)
FNDA:10,(anonymous_1)
FNDA:4,(anonymous_2)
FNDA:2,(anonymous_3)
FNDA:1,(anonymous_4)
FNDA:7,(anonymous_5)
FNDA:2,(anonymous_6)
FNDA:4,(anonymous_7)
FNDA:1,(anonymous_8)
FNDA:0,(anonymous_9)
DA:4,2
DA:10,9
DA:11,9
DA:12,9
DA:17,10
DA:18,10
DA:19,1
DA:20,1
DA:22,9
DA:23,9
DA:28,2
DA:29,2
DA:30,1
DA:31,1
DA:36,7
DA:41,4
DA:46,1
DA:47,1
DA:48,1
DA:49,1
DA:51,1
DA:52,1
DA:53,0
DA:58,0
LF:24
LH:22
BRDA:18,0,0,1
BRDA:29,1,0,1
BRDA:51,2,0,0
BRDA:52,3,0,1
BRF:4
BRH:3
end_of_record
TN:
SF:src\Song.ts
FN:12,(anonymous_0)
FN:28,(anonymous_1)
FN:35,(anonymous_2)
FNF:3
FNH:3
FNDA:50,(anonymous_0)
FNDA:3,(anonymous_1)
FNDA:1,(anonymous_2)
DA:2,3
DA:3,3
DA:19,50
DA:20,50
DA:21,50
DA:22,50
DA:23,50
DA:24,50
DA:29,3
DA:30,3
DA:31,3
DA:36,1
LF:12
LH:12
BRF:0
BRH:0
end_of_record
