TN:
SF:src\MusicLibrary.ts
FN:9,(anonymous_0)
FN:16,(anonymous_1)
FN:21,(anonymous_2)
FN:22,(anonymous_3)
FN:28,(anonymous_4)
FN:32,(anonymous_5)
FN:33,(anonymous_6)
FN:37,(anonymous_7)
FN:40,(anonymous_8)
FN:47,(anonymous_9)
FN:49,(anonymous_10)
FN:54,(anonymous_11)
FN:55,(anonymous_12)
FN:60,(anonymous_13)
FN:67,(anonymous_14)
FN:71,(anonymous_15)
FN:73,(anonymous_16)
FN:78,(anonymous_17)
FN:80,(anonymous_18)
FN:89,(anonymous_19)
FN:92,(anonymous_20)
FN:93,(anonymous_21)
FNF:22
FNH:21
FNDA:14,(anonymous_0)
FNDA:42,(anonymous_1)
FNDA:2,(anonymous_2)
FNDA:4,(anonymous_3)
FNDA:2,(anonymous_4)
FNDA:2,(anonymous_5)
FNDA:4,(anonymous_6)
FNDA:3,(anonymous_7)
FNDA:9,(anonymous_8)
FNDA:1,(anonymous_9)
FNDA:3,(anonymous_10)
FNDA:3,(anonymous_11)
FNDA:9,(anonymous_12)
FNDA:2,(anonymous_13)
FNDA:0,(anonymous_14)
FNDA:2,(anonymous_15)
FNDA:1,(anonymous_16)
FNDA:1,(anonymous_17)
FNDA:1,(anonymous_18)
FNDA:1,(anonymous_19)
FNDA:3,(anonymous_20)
FNDA:3,(anonymous_21)
DA:2,1
DA:5,1
DA:10,14
DA:11,14
DA:17,42
DA:22,4
DA:23,2
DA:24,1
DA:25,1
DA:29,2
DA:33,4
DA:38,3
DA:39,3
DA:41,9
DA:48,1
DA:49,3
DA:55,9
DA:61,2
DA:62,2
DA:63,2
DA:64,2
DA:68,0
DA:72,2
DA:73,1
DA:79,1
DA:80,1
DA:82,1
DA:83,1
DA:84,1
DA:90,1
DA:91,1
DA:92,3
DA:93,3
DA:94,1
DA:96,1
LF:35
LH:34
BRDA:23,0,0,1
BRDA:41,1,0,9
BRDA:41,1,1,8
BRDA:82,2,0,0
BRF:4
BRH:3
end_of_record
TN:
SF:src\Playlist.ts
FN:9,(anonymous_0)
FN:16,(anonymous_1)
FN:17,(anonymous_2)
FN:27,(anonymous_3)
FN:28,(anonymous_4)
FN:35,(anonymous_5)
FN:40,(anonymous_6)
FN:41,(anonymous_7)
FN:45,(anonymous_8)
FN:57,(anonymous_9)
FNF:10
FNH:9
FNDA:10,(anonymous_0)
FNDA:10,(anonymous_1)
FNDA:4,(anonymous_2)
FNDA:2,(anonymous_3)
FNDA:1,(anonymous_4)
FNDA:7,(anonymous_5)
FNDA:2,(anonymous_6)
FNDA:4,(anonymous_7)
FNDA:1,(anonymous_8)
FNDA:0,(anonymous_9)
DA:4,2
DA:10,10
DA:11,10
DA:12,10
DA:17,10
DA:18,10
DA:19,1
DA:20,1
DA:22,9
DA:23,9
DA:28,2
DA:29,2
DA:30,1
DA:31,1
DA:36,7
DA:41,4
DA:46,1
DA:47,1
DA:48,1
DA:49,1
DA:51,1
DA:52,1
DA:53,0
DA:58,0
LF:24
LH:22
BRDA:18,0,0,1
BRDA:29,1,0,1
BRDA:51,2,0,0
BRDA:52,3,0,1
BRF:4
BRH:3
end_of_record
TN:
SF:src\Song.ts
FN:13,(anonymous_0)
FN:30,(anonymous_1)
FN:37,(anonymous_2)
FN:42,(anonymous_3)
FNF:4
FNH:4
FNDA:68,(anonymous_0)
FNDA:3,(anonymous_1)
FNDA:5,(anonymous_2)
FNDA:1,(anonymous_3)
DA:2,3
DA:3,3
DA:20,68
DA:21,68
DA:22,68
DA:23,68
DA:24,68
DA:25,68
DA:26,68
DA:31,3
DA:32,3
DA:33,3
DA:38,5
DA:43,1
DA:44,1
LF:15
LH:15
BRDA:43,0,0,0
BRDA:43,0,1,1
BRF:2
BRH:1
end_of_record
